 * Serving Flask app "mongo-upload" (lazy loading)
 * Environment: production
   WARNING: Do not use the development server in a production environment.
   Use a production WSGI server instead.
 * Debug mode: off
 * Serving Flask app "mongo-upload" (lazy loading)
 * Environment: production
   WARNING: Do not use the development server in a production environment.
   Use a production WSGI server instead.
 * Debug mode: off
 * Serving Flask app "mongo-upload" (lazy loading)
 * Environment: production
   WARNING: Do not use the development server in a production environment.
   Use a production WSGI server instead.
 * Debug mode: off
 * Serving Flask app "mongo-upload" (lazy loading)
 * Environment: production
   WARNING: Do not use the development server in a production environment.
   Use a production WSGI server instead.
 * Debug mode: off
 * Serving Flask app "mongo-upload" (lazy loading)
 * Environment: production
   WARNING: Do not use the development server in a production environment.
   Use a production WSGI server instead.
 * Debug mode: off
 * Serving Flask app "mongo-upload" (lazy loading)
 * Environment: production
   WARNING: Do not use the development server in a production environment.
   Use a production WSGI server instead.
 * Debug mode: off
 * Serving Flask app "mongo-upload" (lazy loading)
 * Environment: production
   WARNING: Do not use the development server in a production environment.
   Use a production WSGI server instead.
 * Debug mode: off
 * Serving Flask app "mongo-upload" (lazy loading)
 * Environment: production
   WARNING: Do not use the development server in a production environment.
   Use a production WSGI server instead.
 * Debug mode: off
 * Serving Flask app "mongo-upload" (lazy loading)
 * Environment: production
   WARNING: Do not use the development server in a production environment.
   Use a production WSGI server instead.
 * Debug mode: off
 * Serving Flask app "mongo-upload" (lazy loading)
 * Environment: production
   WARNING: Do not use the development server in a production environment.
   Use a production WSGI server instead.
 * Debug mode: off
 * Serving Flask app "mongo-upload" (lazy loading)
 * Environment: production
   WARNING: Do not use the development server in a production environment.
   Use a production WSGI server instead.
 * Debug mode: off
 * Serving Flask app "mongo-upload" (lazy loading)
 * Environment: production
   WARNING: Do not use the development server in a production environment.
   Use a production WSGI server instead.
 * Debug mode: off
 * Serving Flask app "mongo-upload" (lazy loading)
 * Environment: production
   WARNING: Do not use the development server in a production environment.
   Use a production WSGI server instead.
 * Debug mode: off
 * Serving Flask app "mongo-upload" (lazy loading)
 * Environment: production
   WARNING: Do not use the development server in a production environment.
   Use a production WSGI server instead.
 * Debug mode: off
 * Serving Flask app "mongo-upload" (lazy loading)
 * Environment: production
   WARNING: Do not use the development server in a production environment.
   Use a production WSGI server instead.
 * Debug mode: off
 * Serving Flask app "mongo-upload" (lazy loading)
 * Environment: production
   WARNING: Do not use the development server in a production environment.
   Use a production WSGI server instead.
 * Debug mode: off
 * Serving Flask app "mongo-upload" (lazy loading)
 * Environment: production
   WARNING: Do not use the development server in a production environment.
   Use a production WSGI server instead.
 * Debug mode: off
 * Serving Flask app "mongo-upload" (lazy loading)
 * Environment: production
   WARNING: Do not use the development server in a production environment.
   Use a production WSGI server instead.
 * Debug mode: off
 * Serving Flask app "mongo-upload" (lazy loading)
 * Environment: production
   WARNING: Do not use the development server in a production environment.
   Use a production WSGI server instead.
 * Debug mode: off
 * Serving Flask app "mongo-upload" (lazy loading)
 * Environment: production
   WARNING: Do not use the development server in a production environment.
   Use a production WSGI server instead.
 * Debug mode: off
 * Serving Flask app "mongo-upload" (lazy loading)
 * Environment: production
   WARNING: Do not use the development server in a production environment.
   Use a production WSGI server instead.
 * Debug mode: off
 * Serving Flask app "mongo-upload" (lazy loading)
 * Environment: production
   WARNING: Do not use the development server in a production environment.
   Use a production WSGI server instead.
 * Debug mode: off
 * Serving Flask app "mongo-upload" (lazy loading)
 * Environment: production
   WARNING: Do not use the development server in a production environment.
   Use a production WSGI server instead.
 * Debug mode: off
 * Serving Flask app "mongo-upload" (lazy loading)
 * Environment: production
   WARNING: Do not use the development server in a production environment.
   Use a production WSGI server instead.
 * Debug mode: off
 * Serving Flask app "mongo-upload" (lazy loading)
 * Environment: production
   WARNING: Do not use the development server in a production environment.
   Use a production WSGI server instead.
 * Debug mode: off
 * Serving Flask app "mongo-upload" (lazy loading)
 * Environment: production
   WARNING: Do not use the development server in a production environment.
   Use a production WSGI server instead.
 * Debug mode: off
ImmutableMultiDict([('name', '고기꾼김춘배')])
ImmutableMultiDict([])
 * Serving Flask app "mongo-upload" (lazy loading)
 * Environment: production
   WARNING: Do not use the development server in a production environment.
   Use a production WSGI server instead.
 * Debug mode: off
 * Serving Flask app "mongo-upload" (lazy loading)
 * Environment: production
   WARNING: Do not use the development server in a production environment.
   Use a production WSGI server instead.
 * Debug mode: off
None
None
{'post': {'tags': [], 'num': 2}, 'addr': '서울특별시 마포구 잔다리로 20 5층', 'location': {'lng': 126.9208147, 'lat': 37.5509941}, 'name': 'test', '_id': ObjectId('5cd74ae191e916674e5e1b0a')}
 * Serving Flask app "mongo-upload" (lazy loading)
 * Environment: production
   WARNING: Do not use the development server in a production environment.
   Use a production WSGI server instead.
 * Debug mode: off
{'name': 'test', '_id': ObjectId('5cd74ae191e916674e5e1b0a'), 'location': {'lat': 37.5509941, 'lng': 126.9208147}, 'addr': '서울특별시 마포구 잔다리로 20 5층', 'tags': ['asd'], 'post': {'num': 2, 'tags': []}}
{'name': '고기꾼김춘배', '_id': ObjectId('5cd72fd93c4e356bfcaaad1f'), 'location': {'lat': 37.5528341, 'lng': 126.9215517}, 'addr': '서울특별시 마포구 홍익로3길 36 3층', 'post': {'num': 4, 'tags': []}}
{'name': 'Little Papa Pho', '_id': ObjectId('5cd72fd93c4e356bfcaaad1c'), 'location': {'lat': 37.5543324, 'lng': 126.927186}, 'addr': '서울특별시 마포구 와우산로27길 24 뉴빌503', 'post': {'num': 4, 'tags': []}}
{'name': '킨지', '_id': ObjectId('5cd72fd93c4e356bfcaaad25'), 'location': {'lat': 37.5607855, 'lng': 126.9235044}, 'addr': '서울특별시 마포구 동교로 227-11 2층', 'post': {'num': 2, 'tags': []}}
{'name': 'The Famous Burger', '_id': ObjectId('5cd72fd93c4e356bfcaaad1d'), 'location': {'lat': 37.5504836, 'lng': 126.9195821}, 'addr': '서울특별시 마포구 잔다리로3안길 24 1층', 'post': {'num': 4, 'tags': []}}
{'name': '홍대 혼카츠', '_id': ObjectId('5cd72fd93c4e356bfcaaad2d'), 'location': {'lat': 37.5526649, 'lng': 126.9220529}, 'addr': '서울특별시 마포구 와우산로21길 36-6 1층 102호', 'post': {'num': 2, 'tags': []}}
{'name': '감칠', '_id': ObjectId('5cd72fd93c4e356bfcaaad1e'), 'location': {'lat': 37.5623592, 'lng': 126.9260613}, 'addr': '서울특별시 마포구 동교로46길 23 2층', 'post': {'num': 4, 'tags': []}}
{'name': '테이스티버거', '_id': ObjectId('5cd72fd93c4e356bfcaaad27'), 'location': {'lat': 37.5482434, 'lng': 126.9207158}, 'addr': '서울특별시 마포구 독막로 67-11 행운빌딩 1층', 'post': {'num': 2, 'tags': []}}
{'name': '바류식당', '_id': ObjectId('5cd72fd93c4e356bfcaaad21'), 'location': {'lat': 37.55403560000001, 'lng': 126.9213239}, 'addr': '서울특별시 마포구 홍익로5길 19 쏠라즈빌딩 1층', 'post': {'num': 2, 'tags': []}}
{'name': '홍대우와', '_id': ObjectId('5cd72fd93c4e356bfcaaad2e'), 'location': {'lat': 37.5517143, 'lng': 126.92222340000002}, 'addr': '서울특별시 마포구 와우산로21길 21-16 2층', 'post': {'num': 2, 'tags': []}}
{'name': '홍대 스앤샤', '_id': ObjectId('5cd72fd93c4e356bfcaaad2a'), 'location': {'lat': 37.55029860000001, 'lng': 126.9216382}, 'addr': '서울특별시 마포구 와우산로17길 24 2층', 'post': {'num': 6, 'tags': []}}
{'name': '2SOYOU', '_id': ObjectId('5cd72fd93c4e356bfcaaad1a'), 'location': {'lat': 37.5485714, 'lng': 126.92227959999998}, 'addr': '서울특별시 마포구 와우산로11길 9-8 2층', 'post': {'num': 4, 'tags': []}}
{'name': '1987 루프탑라운지 홍대', '_id': ObjectId('5cd72fd93c4e356bfcaaad19'), 'location': {'lat': 37.5509941, 'lng': 126.9208147}, 'addr': '서울특별시 마포구 잔다리로 20 5층', 'post': {'num': 2, 'tags': []}}
{'name': '버프', '_id': ObjectId('5cd72fd93c4e356bfcaaad22'), 'location': {'lat': 37.5503027, 'lng': 126.9208719}, 'addr': '서울특별시 마포구 어울마당로 55-2 정웅빌딩 2층', 'post': {'num': 2, 'tags': []}}
{'name': '카페 도토리&다람쥐', '_id': ObjectId('5cd72fd93c4e356bfcaaad24'), 'location': {'lat': 37.5538421, 'lng': 126.9294055}, 'addr': '서울특별시 마포구 와우산로 144-6 1층', 'post': {'num': 8, 'tags': []}}
{'name': '홍대 안녕파스타씨', '_id': ObjectId('5cd72fd93c4e356bfcaaad2b'), 'location': {'lat': 37.5522164, 'lng': 126.92113799999998}, 'addr': '서울특별시 마포구 잔다리로6길 36 동천빌딩', 'post': {'num': 2, 'tags': []}}
{'name': '탄탄면공방 홍대본점', '_id': ObjectId('5cd72fd93c4e356bfcaaad26'), 'location': {'lat': 37.5523524, 'lng': 126.9205319}, 'addr': '서울특별시 마포구 잔다리로6길 25 재륜빌딩', 'post': {'num': 2, 'tags': []}}
{'name': '홍대 참치가', '_id': ObjectId('5cd72fd93c4e356bfcaaad2c'), 'location': {'lat': 37.5525683, 'lng': 126.919018}, 'addr': '서울특별시 마포구 양화로 100-10 다내리빌딩', 'post': {'num': 2, 'tags': []}}
{'name': '홍대 스시메이진', '_id': ObjectId('5cd72fd93c4e356bfcaaad29'), 'location': {'lat': 37.55713370000001, 'lng': 126.9246273}, 'addr': '서울특별시 마포구 양화로18길 3 삼양세븐스프링스', 'post': {'num': 2, 'tags': []}}
{'name': 'Ichizen 이치젠', '_id': ObjectId('5cd72fd93c4e356bfcaaad1b'), 'location': {'lat': 37.5566766, 'lng': 126.9045365}, 'addr': '서울특별시 마포구 포은로 109 101호', 'post': {'num': 2, 'tags': []}}
{'name': '디에이프릴', '_id': ObjectId('5cd72fd93c4e356bfcaaad20'), 'location': {'lat': 37.5653902, 'lng': 126.9232933}, 'addr': '서울특별시 마포구 성미산로29안길 19 1층', 'post': {'num': 4, 'tags': []}}
{'name': '하나노 오오카미', '_id': ObjectId('5cd72fd93c4e356bfcaaad28'), 'location': {'lat': 37.5488576, 'lng': 126.9208769}, 'addr': '서울특별시 마포구 어울마당로 44 2층', 'post': {'num': 2, 'tags': []}}
{'name': '소이연남', '_id': ObjectId('5cd72fd93c4e356bfcaaad23'), 'location': {'lat': 37.5635606, 'lng': 126.9253759}, 'addr': '서울특별시 마포구 동교로 267 1층', 'post': {'num': 2, 'tags': []}}
{'name': '감칠', '_id': ObjectId('5cd72fd93c4e356bfcaaad1e'), 'location': {'lat': 37.5623592, 'lng': 126.9260613}, 'addr': '서울특별시 마포구 동교로46길 23 2층', 'post': {'num': 4, 'tags': {'연남동맛집': 1, '맛집추천': 1, '물레방아': 1, '망리단길': 1, '초밥뷔페': 1, '홍대': 1, '엄마스타그램': 2, '홍대와인': 1, '홍대와인바': 1, '홍대물레방아': 1, '홍대맛집': 1, '연남동와인바': 1, '홍대술집': 1, '연남동물레방아': 2, '먹방': 2, 'cafe': 2, '야경': 1, '존맛탱': 1, '차곡이_맛집추천': 1, '맛집': 2, '먹스타': 2, '먹스타그램': 1, '연남동술집': 1, '존맛': 2, '와인바': 1, '연남동와인': 1}}}
{'name': 'Ichizen 이치젠', '_id': ObjectId('5cd72fd93c4e356bfcaaad1b'), 'location': {'lat': 37.5566766, 'lng': 126.9045365}, 'addr': '서울특별시 마포구 포은로 109 101호', 'post': {'num': 2, 'tags': {'ichizen': 1, '텐동': 1, '아이폰xs': 1, '바질토마토': 1, '홍대': 1, '우와': 1, '이치젠': 1, 'jmt': 1, '수제버거': 1, '망리단길': 1, '사케동': 1, '멀리서다급하게대답하기': 1, '먹방': 1, '망원동맛집': 1}}}
{'name': 'The Famous Burger', '_id': ObjectId('5cd72fd93c4e356bfcaaad1d'), 'location': {'lat': 37.5504836, 'lng': 126.9195821}, 'addr': '서울특별시 마포구 잔다리로3안길 24 1층', 'post': {'num': 4, 'tags': {'맛집추천': 1, '고구마크림피자': 1, '서울데이트': 1, '먹스타그램': 1, '먹스타': 1, '엄마스타그램': 1, '참치회': 1, '뿌듯': 1, '일상': 1, '데일리푸드': 1, '안녕파스타씨': 1, '망원동맛집': 1}}}
{'name': '테이스티버거', '_id': ObjectId('5cd72fd93c4e356bfcaaad27'), 'location': {'lat': 37.5482434, 'lng': 126.9207158}, 'addr': '서울특별시 마포구 독막로 67-11 행운빌딩 1층', 'post': {'num': 2, 'tags': {'물레방아': 1, '꽃게': 1, '수제버거': 1, '일상스타그램': 1, '홍대맛집': 2, '크라켄버거': 1, '상수동맛집': 1, '구웃': 1, '테이': 1, '논현': 1, '에그마니버거': 1, '테이스티버거': 1, '또와야지': 1, '맛나요': 1, '서교동맛집': 1}}}
{'name': '버프', '_id': ObjectId('5cd72fd93c4e356bfcaaad22'), 'location': {'lat': 37.5503027, 'lng': 126.9208719}, 'addr': '서울특별시 마포구 어울마당로 55-2 정웅빌딩 2층', 'post': {'num': 2, 'tags': {'연남동맛집': 1, '존맛탱': 1, '안녕파스타씨': 1, '너무': 1, '셀스타그램': 1, '홍대버프': 1, 'selfie': 1, '미니마블소다': 1, '상수동맛집': 1, '홍대칵테일바': 1, '냉모밀': 1, '✍': 1, '피나콜라다': 1}}}
{'name': '홍대 혼카츠', '_id': ObjectId('5cd72fd93c4e356bfcaaad2d'), 'location': {'lat': 37.5526649, 'lng': 126.9220529}, 'addr': '서울특별시 마포구 와우산로21길 36-6 1층 102호', 'post': {'num': 2, 'tags': {'행복': 1, '돈까스맛집': 1, '전참시': 1, '서울맛집': 1, '데이트': 1, '역시': 1, '양이많아서남겼다': 1, '2soyou': 1, '시원하다': 1, '돈까스': 1, '럽스타그램': 1, '감자튀김존맛': 2, '존맛탱': 1, '브런치': 1, '너무': 1, 'jmt': 1, '맛스타그램': 1, '홍대맛집': 1, '먹스타그램': 1, '냉모밀': 1, '감자튀김': 1, '갈릭감자튀김': 1, '아쉽네': 2, '뿌듯': 1, '혼카츠돈까스': 1, '혼카츠': 1, '홍대': 1}}}
{'name': '1987 루프탑라운지 홍대', '_id': ObjectId('5cd72fd93c4e356bfcaaad19'), 'location': {'lat': 37.5509941, 'lng': 126.9208147}, 'addr': '서울특별시 마포구 잔다리로 20 5층', 'post': {'num': 2, 'tags': {'lounge': 1, '강남맛집': 1, '분위기': 1, '여름': 1, '1987루프탑라운지홍대': 1, '수제버거': 1, 'selfie': 1, '서울': 1, '서울맛집': 1, '전참시': 1, '데이트코스': 1, '루프탑': 1, 'rooftop': 1, '식사': 1, 'JMT': 1, '1987루프탑라운지': 1, '대관': 1, '야경': 1, '라운지': 1, '홍대고기맛집': 1, '브런치': 2, '연남동카페': 1, '맛집': 1, '합정맛집': 1, '홍대맛집': 2, 'bar': 1, '1987rooftoplounge': 1, '촬영': 1, '1987': 1, '논현': 1, '칵테일': 1, '일상': 1, '홍대': 1}}}
{'name': 'Little Papa Pho', '_id': ObjectId('5cd72fd93c4e356bfcaaad1c'), 'location': {'lat': 37.5543324, 'lng': 126.927186}, 'addr': '서울특별시 마포구 와우산로27길 24 뉴빌503', 'post': {'num': 4, 'tags': {'홍대고기맛집': 1, '음식': 1, 'instagram': 1, '목요스타그램': 1, '맛집스타그램': 1, 'daily': 1, '합정맛집': 1, '크라켄버거': 1, '일상': 1, '밀푀유나베': 1, '서울여행': 1, 'instagood': 1}}}
{'name': '탄탄면공방 홍대본점', '_id': ObjectId('5cd72fd93c4e356bfcaaad26'), 'location': {'lat': 37.5523524, 'lng': 126.9205319}, 'addr': '서울특별시 마포구 잔다리로6길 25 재륜빌딩', 'post': {'num': 2, 'tags': {'로제파스타': 1, 'dinner': 1, '맛집': 1, '일상': 2, '자꾸먹는다': 1, '오사카규전골': 1, '큰일났다': 1}}}
{'name': '홍대 참치가', '_id': ObjectId('5cd72fd93c4e356bfcaaad2c'), 'location': {'lat': 37.5525683, 'lng': 126.919018}, 'addr': '서울특별시 마포구 양화로 100-10 다내리빌딩', 'post': {'num': 2, 'tags': {'홍대데이트': 1, '참치무한리필': 1, '참치회': 1, '서교동횟집': 1, '서울맛집': 1, '맛집스타그램': 1, '일본가정식': 1, '홍대참치가': 1, '서교동맛집': 1, '회스타그램': 1, '참치뱃살': 1, '홍대참치무한리필': 1, '존맛탱': 2, '연남동카페': 1, '피자': 1, '맛집': 1, '맛스타그램': 1, '소통': 1, '홍대맛집': 1, '먹스타그램': 1, '합정맛집': 1, '참치스타그램': 1, '넘나맛있는것': 1, '참치가': 1, 'JMT': 1, '먹방스타그램': 1}}}
{'name': '홍대우와', '_id': ObjectId('5cd72fd93c4e356bfcaaad2e'), 'location': {'lat': 37.5517143, 'lng': 126.92222340000002}, 'addr': '서울특별시 마포구 와우산로21길 21-16 2층', 'post': {'num': 2, 'tags': {'피나콜라다홍대맛집': 1, '우와': 1, 'jmt': 1, '맛스타그램': 1, '홍대맛집': 1, '존맛탱': 1, '맛집스타그램': 1, '소통': 1}}}
{'name': '소이연남', '_id': ObjectId('5cd72fd93c4e356bfcaaad23'), 'location': {'lat': 37.5635606, 'lng': 126.9253759}, 'addr': '서울특별시 마포구 동교로 267 1층', 'post': {'num': 2, 'tags': {'화산석구이': 1, '상수역맛집': 1, '존맛탱': 1, '도토리앤다람쥐': 1, 'jmt': 1, '라운지': 1, '맛스타그램': 1, '나이쏘이': 1, '홍대맛집': 1, '먹스타그램': 1, '갈비국수': 1, '양식': 1, '푸드스타그램': 1, '연남동맛집': 1}}}
{'name': '홍대 안녕파스타씨', '_id': ObjectId('5cd72fd93c4e356bfcaaad2b'), 'location': {'lat': 37.5522164, 'lng': 126.92113799999998}, 'addr': '서울특별시 마포구 잔다리로6길 36 동천빌딩', 'post': {'num': 2, 'tags': {'맛집추천': 1, '상수역맛집': 1, '강남맛집': 1, '로제파스타': 1, '고구마크림피자': 1, '서울데이트': 1, '합격': 1, '서울': 1, '데일리': 1, '서울맛집': 1, '홍대에': 1, 'today': 1, '인스타그램': 1, '안녕파스타씨': 1, '서울여행': 1, '먹방': 1, '상수': 1, '선팔하면맞팔': 1, '꽃게': 2, '피자': 1, '맛집': 1, '양식': 1, '고기꾼김춘배': 1, '먹스타': 1, '먹스타그램': 1, 'jmt': 1, '고구마': 1, 'daily': 1, '상수맛집': 1, '일상': 1, '맞팔': 1, '파스타': 1, '홍대맛집': 2, '소통': 1}}}
{'name': '고기꾼김춘배', '_id': ObjectId('5cd72fd93c4e356bfcaaad1f'), 'location': {'lat': 37.5528341, 'lng': 126.9215517}, 'addr': '서울특별시 마포구 홍익로3길 36 3층', 'post': {'num': 4, 'tags': {'맛집추천': 1, '돼지고기': 1, '먹스타그램': 3, '낼출근실화냐': 1, '차돌된장찌개': 1, '마포맛집': 1, '고기는사랑입니다': 1, '맛집탐방': 1, '서울여행': 1, '먹방': 1, 'instagood': 1, '홍대고기맛집': 2, '선팔하면맞팔': 1, '서교동': 1, '홍대고기': 1, '홍대맛집': 2, '아쉽네': 1, '고기맛집': 1, '홍대입구맛집': 1, '홍대': 1, '서교동맛집': 1, '사케동': 1, '홍대데이트': 1, '오겹살': 1, '상수맛집': 1, '일상스타그램': 1, 'instalike': 1, '맛집스타그램': 1, '상수동맛집': 1, 'foodporn': 1, '고기꾼김춘배홍대본점': 2, '역시일본음식은달고짜고': 1, '고기스타그램': 1, '아플땐고기': 1, '팔로우': 1, '맛집': 2, '고기꾼김춘배': 2, 'bar': 1, 'instadaily': 1, '스앤샤고기꾼김춘배홍대본점': 1, '갈비살': 1, '목살': 1, '일상': 2, '좋아요': 1, '좋아요반사': 1, '소통': 1}}}
{'name': '디에이프릴', '_id': ObjectId('5cd72fd93c4e356bfcaaad20'), 'location': {'lat': 37.5653902, 'lng': 126.9232933}, 'addr': '서울특별시 마포구 성미산로29안길 19 1층', 'post': {'num': 4, 'tags': {'연남동맛집': 1, '홍대': 1, 'instalike': 1, '데일리': 1, '맛스타그램': 1, '디에이프릴': 1, '다잘될거야': 1, '루프탑': 1, '고기스타그램': 1, '연남동': 1, '힐링': 1, '연트럴파크': 1, '브런치': 1, '텐동': 1, '공감': 1, '수다': 1, '화이팅': 2, '홍대맛집': 3, '먹스타그램': 2, '합정맛집': 1, '아쉽네': 1, '힘내자': 1, '일상': 2, '연남동브런치': 1, '소통': 1}}}
{'name': '홍대 스시메이진', '_id': ObjectId('5cd72fd93c4e356bfcaaad29'), 'location': {'lat': 37.55713370000001, 'lng': 126.9246273}, 'addr': '서울특별시 마포구 양화로18길 3 삼양세븐스프링스', 'post': {'num': 2, 'tags': {'라운지': 1, '스시메이진': 1, '초밥뷔페': 1, 'jmt': 1, '고구마크림피자': 1, '테이스티버거': 1, '홍대': 1, '홍대맛집': 1, '맛집스타그램': 1, '크라켄버거': 1, '소통': 1}}}
{'name': '킨지', '_id': ObjectId('5cd72fd93c4e356bfcaaad25'), 'location': {'lat': 37.5607855, 'lng': 126.9235044}, 'addr': '서울특별시 마포구 동교로 227-11 2층', 'post': {'num': 2, 'tags': {'daily': 1, '스앤샤': 1, '칵테일': 1, '경의선숲길': 1, '일상': 1, '킨지': 1, '살치살스테끼동': 1, '먹방': 1, 'instagood': 1, '사케동': 1}}}
{'name': '카페 도토리&다람쥐', '_id': ObjectId('5cd72fd93c4e356bfcaaad24'), 'location': {'lat': 37.5538421, 'lng': 126.9294055}, 'addr': '서울특별시 마포구 와우산로 144-6 1층', 'post': {'num': 8, 'tags': {'홍대데이트': 1, 'dailygram': 1, '도토리앤다람쥐': 4, 'selfie': 2, '낼출근실화냐': 1, '서울맛집': 1, '홍대와인': 1, '본방사수': 1, '고기는사랑입니다': 1, '전지적참견시점': 1, '데이트': 1, '저녁': 1, '피자': 1, '존맛탱': 1, '텐동': 1, 'jmt': 1, '먹스타그램': 2, 'daily': 1, '역시일본음식은달고짜고': 1, '카더가든': 1, '상수맛집': 1, '일상': 1, '또와야지': 1, '밀푀유나베': 1, '파스타': 1, '전참시': 1, '소통': 1}}}
{'name': '홍대 스앤샤', '_id': ObjectId('5cd72fd93c4e356bfcaaad2a'), 'location': {'lat': 37.55029860000001, 'lng': 126.9216382}, 'addr': '서울특별시 마포구 와우산로17길 24 2층', 'post': {'num': 6, 'tags': {'daily': 1, '홍대점심': 2, 'dailygram': 1, '밀푀유나베': 1, '스앤샤': 3, 'today': 1, '양이많아서남겼다': 1, '홍대물레방아': 1, '홍대샤브샤브': 1, 'food': 1, '데일리푸드': 1, '서울여행': 1, '오늘': 1, '홍대모임': 1, '홍대고기맛집': 1, '음식': 1, 'jmt': 1, '✌': 1, '맛스타그램': 1, 'foodstagram': 1, '나이쏘이': 1, '홍대맛집': 3, '셀스타': 1, '데일리그램': 1, '상수맛집': 2, '저녁': 1, '감자튀김존맛': 1, '맞팔': 1, '홍대데이트': 1, 'insta': 1, 'instagram': 1, 'dinner': 1, 'selfie': 1, '홍대': 1, '데일리': 2, '서울맛집': 1, '돈까스': 1, '식사': 1, '인스타그램': 1, 'hongdae': 1, 'cafe': 1, '밀푀유나베맛집': 1, '홍대밥집': 1, 'hongikuniversity': 1, '샤브샤브맛집': 1, '고기는사랑입니다': 1, '합정맛집': 2, '고기꾼김춘배': 1, '먹스타그램': 1, '일상그램': 1, '홍대고기': 1, '카더가든': 1, '일상': 1, '푸드': 1}}}
{'name': '바류식당', '_id': ObjectId('5cd72fd93c4e356bfcaaad21'), 'location': {'lat': 37.55403560000001, 'lng': 126.9213239}, 'addr': '서울특별시 마포구 홍익로5길 19 쏠라즈빌딩 1층', 'post': {'num': 2, 'tags': {'연남동맛집': 1, '1987': 1, '물레방아': 1, '냉모밀': 1, '바류식당': 1, '홍대': 1, '홍대맛집': 1, '소통': 1}}}
{'name': '하나노 오오카미', '_id': ObjectId('5cd72fd93c4e356bfcaaad28'), 'location': {'lat': 37.5488576, 'lng': 126.9208769}, 'addr': '서울특별시 마포구 어울마당로 44 2층', 'post': {'num': 2, 'tags': {'홍대데이트': 1, '화산석구이': 1, '도토리앤다람쥐': 1, '상수맛집': 1, '목요스타그램': 1, '고기꾼김춘배홍대본점': 1, '엄마스타그램': 1, '맛집스타그램': 1, '역시일본음식은달고짜고': 1, '여름': 1, '데이트스타그램': 1, '하나노오오카미': 1, '모녀스타그램': 1, '맛스타그램': 1, '점심': 1, '✌': 1, '홍대고기': 1, '홍대맛집': 1, '오사카규전골': 1, '이름외우기어려운음식점이라메모해놔야할듯': 1, '먹방': 1, '먹스타그램': 1, '규전골': 1, '데일리그램': 1, '이름도어려워': 1, '엄마랑홍대데이트': 1, '또와야지': 1, '데일리스타그램': 1, '일본가정식': 1}}}
{'name': '2SOYOU', '_id': ObjectId('5cd72fd93c4e356bfcaaad1a'), 'location': {'lat': 37.5485714, 'lng': 126.92227959999998}, 'addr': '서울특별시 마포구 와우산로11길 9-8 2층', 'post': {'num': 4, 'tags': {'연남동맛집': 1, '감자튀김존맛': 1, 'jmt': 1, 'cafe': 2, '맛집': 1, '이름도어려워': 1, '소통': 2, '데일리': 2, 'daily': 2, '2soyou': 2, '오사카규전골': 1, '식사': 1, '자꾸먹는다': 1, 'brunch': 1, '일상': 3, '또와야지': 1, '회스타그램': 1, '망원동맛집': 1}}}
{'name': 'BURP', '_id': ObjectId('5cd7331c7f1d1a613921edab'), 'location': {'lat': 37.5503027, 'lng': 126.92087190000001}, 'addr': '서울특별시 마포구 어울마당로 55-2 정웅빌딩 2층', 'post': {'num': 2, 'tags': []}}
{'name': '고기꾼김춘배', '_id': ObjectId('5cd72fd93c4e356bfcaaad1f'), 'location': {'lat': 37.5528341, 'lng': 126.9215517}, 'addr': '서울특별시 마포구 홍익로3길 36 3층', 'post': {'num': 4, 'tags': {'맛집추천': 1, '돼지고기': 1, '먹스타그램': 3, '낼출근실화냐': 1, '차돌된장찌개': 1, '마포맛집': 1, '고기는사랑입니다': 1, '맛집탐방': 1, '서울여행': 1, '먹방': 1, 'instagood': 1, '홍대고기맛집': 2, '선팔하면맞팔': 1, '서교동': 1, '홍대고기': 1, '홍대맛집': 2, '아쉽네': 1, '고기맛집': 1, '상수맛집': 1, '홍대': 1, '서교동맛집': 1, '사케동': 1, '홍대데이트': 1, '오겹살': 1, '홍대입구맛집': 1, '일상스타그램': 1, 'instalike': 1, '맛집스타그램': 1, '상수동맛집': 1, 'foodporn': 1, '고기꾼김춘배홍대본점': 2, '역시일본음식은달고짜고': 1, '고기스타그램': 1, '아플땐고기': 1, '팔로우': 1, '맛집': 2, '고기꾼김춘배': 2, 'bar': 1, 'instadaily': 1, '스앤샤고기꾼김춘배홍대본점': 1, '갈비살': 1, '목살': 1, '일상': 2, '좋아요': 1, '좋아요반사': 1, '소통': 1}}}
{'name': '토끼정 홍대점', '_id': ObjectId('5cd7331c7f1d1a613921edb2'), 'location': {'lat': 37.5516907, 'lng': 126.920649}, 'addr': '서울특별시 마포구 잔다리로2길 13 1층', 'post': {'num': 1, 'tags': []}}
{'name': '별헤는잔', '_id': ObjectId('5cd7331c7f1d1a613921edaf'), 'location': {'lat': 37.5532434, 'lng': 126.92238710000001}, 'addr': '서울특별시 마포구 어울마당로 94-7 대유빌딩', 'post': {'num': 3, 'tags': []}}
{'name': '감칠', '_id': ObjectId('5cd72fd93c4e356bfcaaad1e'), 'location': {'lat': 37.5623592, 'lng': 126.9260613}, 'addr': '서울특별시 마포구 동교로46길 23 2층', 'post': {'num': 4, 'tags': {'맛집추천': 1, '연남동맛집': 1, '물레방아': 1, '망리단길': 1, '초밥뷔페': 1, '홍대': 1, '엄마스타그램': 2, '홍대와인': 1, '홍대술집': 1, '홍대물레방아': 1, '연남동와인바': 1, '홍대와인바': 1, '연남동물레방아': 2, '먹방': 2, 'cafe': 2, '야경': 1, '먹스타': 2, '존맛탱': 1, '차곡이_맛집추천': 1, '맛집': 2, '홍대맛집': 1, '먹스타그램': 1, '연남동술집': 1, '존맛': 2, '와인바': 1, '연남동와인': 1}}}
{'name': '1987 루프탑라운지 홍대', '_id': ObjectId('5cd72fd93c4e356bfcaaad19'), 'location': {'lat': 37.5509941, 'lng': 126.9208147}, 'addr': '서울특별시 마포구 잔다리로 20 5층', 'post': {'num': 2, 'tags': {'lounge': 1, '강남맛집': 1, '분위기': 1, '여름': 1, '1987루프탑라운지홍대': 1, '수제버거': 1, 'selfie': 1, '홍대': 1, '서울맛집': 1, '전참시': 1, '데이트코스': 1, '루프탑': 1, '브런치': 2, '식사': 1, 'JMT': 1, '일상': 1, '1987루프탑라운지': 1, '대관': 1, '야경': 1, '촬영': 1, '홍대고기맛집': 1, 'rooftop': 1, '연남동카페': 1, '맛집': 1, '합정맛집': 1, '홍대맛집': 2, 'bar': 1, '라운지': 1, '1987rooftoplounge': 1, '논현': 1, '칵테일': 1, '1987': 1, '서울': 1}}}
{'name': '코다차야 홍대', '_id': ObjectId('5cd7331c7f1d1a613921edb1'), 'location': {'lat': 37.548575, 'lng': 126.9232625}, 'addr': '서울특별시 마포구 와우산로 48 로하스타워', 'post': {'num': 5, 'tags': []}}
{'name': '소이연남', '_id': ObjectId('5cd72fd93c4e356bfcaaad23'), 'location': {'lat': 37.5635606, 'lng': 126.9253759}, 'addr': '서울특별시 마포구 동교로 267 1층', 'post': {'num': 2, 'tags': {'연남동맛집': 1, '상수역맛집': 1, '존맛탱': 1, '도토리앤다람쥐': 1, 'jmt': 1, '라운지': 1, '맛스타그램': 1, '나이쏘이': 1, '홍대맛집': 1, '먹스타그램': 1, '갈비국수': 1, '양식': 1, '푸드스타그램': 1, '화산석구이': 1}}}
{'name': '황포25', '_id': ObjectId('5cd7331c7f1d1a613921edb3'), 'location': {'lat': 37.5534442, 'lng': 126.9216773}, 'addr': '서울특별시 마포구 홍익로3길 20 서교오피스텔', 'post': {'num': 1, 'tags': []}}
{'name': 'The Famous Burger', '_id': ObjectId('5cd72fd93c4e356bfcaaad1d'), 'location': {'lat': 37.5504836, 'lng': 126.9195821}, 'addr': '서울특별시 마포구 잔다리로3안길 24 1층', 'post': {'num': 4, 'tags': {'맛집추천': 1, '고구마크림피자': 1, '참치회': 1, '먹스타그램': 1, '먹스타': 1, '엄마스타그램': 1, '서울데이트': 1, '뿌듯': 1, '일상': 1, '데일리푸드': 1, '안녕파스타씨': 1, '망원동맛집': 1}}}
 * Serving Flask app "mongo-upload" (lazy loading)
 * Environment: production
   WARNING: Do not use the development server in a production environment.
   Use a production WSGI server instead.
 * Debug mode: off
 * Serving Flask app "mongo-upload" (lazy loading)
 * Environment: production
   WARNING: Do not use the development server in a production environment.
   Use a production WSGI server instead.
 * Debug mode: off
 * Serving Flask app "mongo-upload" (lazy loading)
 * Environment: production
   WARNING: Do not use the development server in a production environment.
   Use a production WSGI server instead.
 * Debug mode: off
 * Serving Flask app "mongo-upload" (lazy loading)
 * Environment: production
   WARNING: Do not use the development server in a production environment.
   Use a production WSGI server instead.
 * Debug mode: off
 * Serving Flask app "mongo-upload" (lazy loading)
 * Environment: production
   WARNING: Do not use the development server in a production environment.
   Use a production WSGI server instead.
 * Debug mode: off
 * Serving Flask app "mongo-upload" (lazy loading)
 * Environment: production
   WARNING: Do not use the development server in a production environment.
   Use a production WSGI server instead.
 * Debug mode: off
 * Serving Flask app "mongo-upload" (lazy loading)
 * Environment: production
   WARNING: Do not use the development server in a production environment.
   Use a production WSGI server instead.
 * Debug mode: off
 * Serving Flask app "mongo-upload" (lazy loading)
 * Environment: production
   WARNING: Do not use the development server in a production environment.
   Use a production WSGI server instead.
 * Debug mode: off
 * Serving Flask app "mongo-upload" (lazy loading)
 * Environment: production
   WARNING: Do not use the development server in a production environment.
   Use a production WSGI server instead.
 * Debug mode: off
 * Serving Flask app "mongo-upload" (lazy loading)
 * Environment: production
   WARNING: Do not use the development server in a production environment.
   Use a production WSGI server instead.
 * Debug mode: off
 * Serving Flask app "mongo-upload" (lazy loading)
 * Environment: production
   WARNING: Do not use the development server in a production environment.
   Use a production WSGI server instead.
 * Debug mode: off
 * Serving Flask app "mongo-upload" (lazy loading)
 * Environment: production
   WARNING: Do not use the development server in a production environment.
   Use a production WSGI server instead.
 * Debug mode: off
{'post': {'num': 3, 'tags': []}, 'location': {'lng': 126.92238710000001, 'lat': 37.5532434}, '_id': ObjectId('5cd76038530996351b3de2f4'), 'addr': '서울특별시 마포구 어울마당로 94-7 대유빌딩', 'name': '별헤는잔'}
{'post': {'num': 1, 'tags': []}, 'location': {'lng': 126.9195821, 'lat': 37.5504836}, '_id': ObjectId('5cd76038530996351b3de2f1'), 'addr': '서울특별시 마포구 잔다리로3안길 24 1층', 'name': 'The Famous Burger'}
{'post': {'num': 5, 'tags': []}, 'location': {'lng': 126.9232625, 'lat': 37.548575}, '_id': ObjectId('5cd76038530996351b3de2f6'), 'addr': '서울특별시 마포구 와우산로 48 로하스타워', 'name': '코다차야 홍대'}
{'post': {'num': 1, 'tags': []}, 'location': {'lng': 126.920649, 'lat': 37.5516907}, '_id': ObjectId('5cd76038530996351b3de2f7'), 'addr': '서울특별시 마포구 잔다리로2길 13 1층', 'name': '토끼정 홍대점'}
{'post': {'num': 1, 'tags': []}, 'location': {'lng': 126.9215517, 'lat': 37.5528341}, '_id': ObjectId('5cd76038530996351b3de2f3'), 'addr': '서울특별시 마포구 홍익로3길 36 3층', 'name': '고기꾼김춘배'}
{'post': {'num': 1, 'tags': []}, 'location': {'lng': 126.92081470000001, 'lat': 37.5509941}, '_id': ObjectId('5cd76038530996351b3de2ef'), 'addr': '서울특별시 마포구 잔다리로 20 5층', 'name': '1987 루프탑라운지 홍대'}
{'post': {'num': 1, 'tags': []}, 'location': {'lng': 126.9253759, 'lat': 37.5635606}, '_id': ObjectId('5cd76038530996351b3de2f5'), 'addr': '서울특별시 마포구 동교로 267 1층', 'name': '소이연남'}
{'post': {'num': 2, 'tags': []}, 'location': {'lng': 126.92087190000001, 'lat': 37.5503027}, '_id': ObjectId('5cd76038530996351b3de2f0'), 'addr': '서울특별시 마포구 어울마당로 55-2 정웅빌딩 2층', 'name': 'BURP'}
{'post': {'num': 1, 'tags': []}, 'location': {'lng': 126.92606129999999, 'lat': 37.5623592}, '_id': ObjectId('5cd76038530996351b3de2f2'), 'addr': '서울특별시 마포구 동교로46길 23 2층', 'name': '감칠'}
{'post': {'num': 1, 'tags': []}, 'location': {'lng': 126.9216773, 'lat': 37.5534442}, '_id': ObjectId('5cd76038530996351b3de2f8'), 'addr': '서울특별시 마포구 홍익로3길 20 서교오피스텔', 'name': '황포25'}
{'post': {'num': 2, 'tags': []}, 'location': {'lng': 126.92283590000002, 'lat': 37.557365399999995}, '_id': ObjectId('5cd76069530996351b3de30f'), 'addr': '서울특별시 마포구 동교로 194 혜원빌딩 1층', 'name': '1984'}
{'post': {'num': 7, 'tags': []}, 'location': {'lng': 126.91872679999999, 'lat': 37.5520695}, '_id': ObjectId('5cd76069530996351b3de31c'), 'addr': '서울특별시 마포구 잔다리로 43 1층', 'name': '홍대 Coalmine'}
{'post': {'num': 2, 'tags': []}, 'location': {'lng': 126.92222340000002, 'lat': 37.5517143}, '_id': ObjectId('5cd76069530996351b3de30e'), 'addr': '서울특별시 마포구 와우산로21길 21-16 2층', 'name': '홍대우와'}
{'post': {'num': 3, 'tags': []}, 'location': {'lng': 126.92476370000001, 'lat': 37.5537759}, '_id': ObjectId('5cd76069530996351b3de31b'), 'addr': '서울특별시 마포구 와우산로29가길 86 2층', 'name': '폴인팬케이크'}
{'post': {'num': 1, 'tags': {'모임': 1, '데이트': 1, '홍대모임': 1, '핫플레이스': 1, '홍대술집': 1, '하와이': 1, '하와이여행': 1, '맛집': 1, '홍대칵테일': 1, '홍대데이트': 1, '인생사진': 1, '하와이안식당': 1, '패션': 1, '개인촬영': 1, '봉주르하와이': 1, '모임장소': 1, '스타일': 1, '이국적인': 1, '여심저격': 1, '홍대야외': 1, 'BBQ': 1, '알로하': 1, '봉쥬르하와이': 1}}, 'location': {'lng': 126.9195821, 'lat': 37.5504836}, '_id': ObjectId('5cd76038530996351b3de2f1'), 'addr': '서울특별시 마포구 잔다리로3안길 24 1층', 'name': 'The Famous Burger'}
{'post': {'num': 2, 'tags': []}, 'location': {'lng': 126.9059131, 'lat': 37.5548347}, '_id': ObjectId('5cd76069530996351b3de313'), 'addr': '서울특별시 마포구 월드컵로13길 79 해오름 주상복합', 'name': 'Zapangi'}
{'post': {'num': 4, 'tags': []}, 'location': {'lng': 126.92227959999998, 'lat': 37.5485714}, '_id': ObjectId('5cd76069530996351b3de2fa'), 'addr': '서울특별시 마포구 와우산로11길 9-8 2층', 'name': '2SOYOU'}
{'post': {'num': 2, 'tags': []}, 'location': {'lng': 126.9263399, 'lat': 37.563111299999996}, '_id': ObjectId('5cd76069530996351b3de318'), 'addr': '서울특별시 마포구 성미산로 189 1층', 'name': '연남동 테일러커피'}
{'post': {'num': 1, 'tags': []}, 'location': {'lng': 126.9226397, 'lat': 37.5553189}, '_id': ObjectId('5cd76069530996351b3de315'), 'addr': '서울특별시 마포구 홍익로6길 15 삼주빌딩', 'name': '설빙 홍대점'}
{'post': {'num': 1, 'tags': []}, 'location': {'lng': 126.9195821, 'lat': 37.5504836}, '_id': ObjectId('5cd76069530996351b3de314'), 'addr': '서울특별시 마포구 잔다리로3안길 24 1층', 'name': '더페이머스버거'}
{'post': {'num': 2, 'tags': []}, 'location': {'lng': 126.92227959999998, 'lat': 37.5485714}, '_id': ObjectId('5cd76069530996351b3de31a'), 'addr': '서울특별시 마포구 와우산로11길 9-8 2층', 'name': '투소유'}
{'post': {'num': 8, 'tags': []}, 'location': {'lng': 126.9294055, 'lat': 37.5538421}, '_id': ObjectId('5cd76069530996351b3de304'), 'addr': '서울특별시 마포구 와우산로 144-6 1층', 'name': '카페 도토리&다람쥐'}
{'post': {'num': 1, 'tags': []}, 'location': {'lng': 126.9237, 'lat': 37.5538}, '_id': ObjectId('5cd76069530996351b3de316'), 'addr': '서울특별시 마포구 홍익로 10 서교푸르지오', 'name': '슈퍼커피홍대'}
{'post': {'num': 1, 'tags': []}, 'location': {'lng': 126.92106170000001, 'lat': 37.5509495}, '_id': ObjectId('5cd76069530996351b3de311'), 'addr': '서울특별시 마포구 어울마당로 65 상상마당빌딩', 'name': 'KT&G 상상마당'}
{'post': {'num': 2, 'tags': []}, 'location': {'lng': 126.90363290000002, 'lat': 37.5585388}, '_id': ObjectId('5cd76069530996351b3de317'), 'addr': '서울특별시 마포구 포은로 131 1층', 'name': '어글리베이커리'}
{'post': {'num': 1, 'tags': {'치즈추가': 1, '고기꾼김춘배': 1, '운동후먹방': 1, '철판쭈삼': 1, '오늘의일기끝': 1, '쭈대세': 1, '참치마요주먹밥': 1, '이렇게건강한돼지가되어갑니다': 1, '홍대맛집': 1, '쭈꾸미': 1}}, 'location': {'lng': 126.9215517, 'lat': 37.5528341}, '_id': ObjectId('5cd76038530996351b3de2f3'), 'addr': '서울특별시 마포구 홍익로3길 36 3층', 'name': '고기꾼김춘배'}
{'post': {'num': 6, 'tags': []}, 'location': {'lng': 126.9216382, 'lat': 37.55029860000001}, '_id': ObjectId('5cd76069530996351b3de30a'), 'addr': '서울특별시 마포구 와우산로17길 24 2층', 'name': '홍대 스앤샤'}
{'post': {'num': 1, 'tags': {'얼마만에_이렇게_놀았더라': 1, '다시_생각해도_기절': 1, '이러지마_문도영': 1, '정말_기절': 1, '집에_도착하자마자_기절': 1}}, 'location': {'lng': 126.92081470000001, 'lat': 37.5509941}, '_id': ObjectId('5cd76038530996351b3de2ef'), 'addr': '서울특별시 마포구 잔다리로 20 5층', 'name': '1987 루프탑라운지 홍대'}
{'post': {'num': 2, 'tags': []}, 'location': {'lng': 126.9207158, 'lat': 37.5482434}, '_id': ObjectId('5cd76069530996351b3de307'), 'addr': '서울특별시 마포구 독막로 67-11 행운빌딩 1층', 'name': '테이스티버거'}
{'post': {'num': 2, 'tags': []}, 'location': {'lng': 126.919018, 'lat': 37.5525683}, '_id': ObjectId('5cd76069530996351b3de30c'), 'addr': '서울특별시 마포구 양화로 100-10 다내리빌딩', 'name': '홍대 참치가'}
{'post': {'num': 2, 'tags': []}, 'location': {'lng': 126.92113799999998, 'lat': 37.5522164}, '_id': ObjectId('5cd76069530996351b3de30b'), 'addr': '서울특별시 마포구 잔다리로6길 36 동천빌딩', 'name': '홍대 안녕파스타씨'}
{'post': {'num': 2, 'tags': []}, 'location': {'lng': 126.9246273, 'lat': 37.55713370000001}, '_id': ObjectId('5cd76069530996351b3de309'), 'addr': '서울특별시 마포구 양화로18길 3 삼양세븐스프링스', 'name': '홍대 스시메이진'}
{'post': {'num': 2, 'tags': []}, 'location': {'lng': 126.9205319, 'lat': 37.5523524}, '_id': ObjectId('5cd76069530996351b3de306'), 'addr': '서울특별시 마포구 잔다리로6길 25 재륜빌딩', 'name': '탄탄면공방 홍대본점'}
{'post': {'num': 4, 'tags': []}, 'location': {'lng': 126.927186, 'lat': 37.5543324}, '_id': ObjectId('5cd76069530996351b3de2fc'), 'addr': '서울특별시 마포구 와우산로27길 24 뉴빌503', 'name': 'Little Papa Pho'}
{'post': {'num': 2, 'tags': []}, 'location': {'lng': 126.9208719, 'lat': 37.5503027}, '_id': ObjectId('5cd76069530996351b3de302'), 'addr': '서울특별시 마포구 어울마당로 55-2 정웅빌딩 2층', 'name': '버프'}
{'post': {'num': 2, 'tags': []}, 'location': {'lng': 126.9213239, 'lat': 37.55403560000001}, '_id': ObjectId('5cd76069530996351b3de301'), 'addr': '서울특별시 마포구 홍익로5길 19 쏠라즈빌딩 1층', 'name': '바류식당'}
{'post': {'num': 2, 'tags': []}, 'location': {'lng': 126.9045365, 'lat': 37.5566766}, '_id': ObjectId('5cd76069530996351b3de2fb'), 'addr': '서울특별시 마포구 포은로 109 101호', 'name': 'Ichizen 이치젠'}
{'post': {'num': 4, 'tags': {'일상': 3, '어버이날': 1, '소통': 3, 'cafe': 2, 'brunch': 1, 'daily': 3, '2soyou': 4, '데일리': 3}}, 'location': {'lng': 126.92227959999998, 'lat': 37.5485714}, '_id': ObjectId('5cd76069530996351b3de2fa'), 'addr': '서울특별시 마포구 와우산로11길 9-8 2층', 'name': '2SOYOU'}
{'post': {'num': 1, 'tags': {}}, 'location': {'lng': 126.9195821, 'lat': 37.5504836}, '_id': ObjectId('5cd76038530996351b3de2f1'), 'addr': '서울특별시 마포구 잔다리로3안길 24 1층', 'name': 'The Famous Burger'}
{'post': {'num': 2, 'tags': []}, 'location': {'lng': 126.9208769, 'lat': 37.5488576}, '_id': ObjectId('5cd76069530996351b3de308'), 'addr': '서울특별시 마포구 어울마당로 44 2층', 'name': '하나노 오오카미'}
{'post': {'num': 2, 'tags': []}, 'location': {'lng': 126.9235044, 'lat': 37.5607855}, '_id': ObjectId('5cd76069530996351b3de305'), 'addr': '서울특별시 마포구 동교로 227-11 2층', 'name': '킨지'}
{'post': {'num': 2, 'tags': []}, 'location': {'lng': 126.9220529, 'lat': 37.5526649}, '_id': ObjectId('5cd76069530996351b3de30d'), 'addr': '서울특별시 마포구 와우산로21길 36-6 1층 102호', 'name': '홍대 혼카츠'}
{'post': {'num': 8, 'tags': {'전참시': 1, '본방사수': 1, '전지적참견시점': 1, '도토리앤다람쥐': 7, '카더가든': 1}}, 'location': {'lng': 126.9294055, 'lat': 37.5538421}, '_id': ObjectId('5cd76069530996351b3de304'), 'addr': '서울특별시 마포구 와우산로 144-6 1층', 'name': '카페 도토리&다람쥐'}
{'post': {'num': 4, 'tags': []}, 'location': {'lng': 126.9232933, 'lat': 37.5653902}, '_id': ObjectId('5cd76069530996351b3de300'), 'addr': '서울특별시 마포구 성미산로29안길 19 1층', 'name': '디에이프릴'}
{'post': {'num': 2, 'tags': {}}, 'location': {'lng': 126.92222340000002, 'lat': 37.5517143}, '_id': ObjectId('5cd76069530996351b3de30e'), 'addr': '서울특별시 마포구 와우산로21길 21-16 2층', 'name': '홍대우와'}
{'post': {'num': 1, 'tags': {}}, 'location': {'lng': 126.9253759, 'lat': 37.5635606}, '_id': ObjectId('5cd76038530996351b3de2f5'), 'addr': '서울특별시 마포구 동교로 267 1층', 'name': '소이연남'}
{'post': {'num': 1, 'tags': {'홍대와인': 1, '홍대': 1, '연남동술집': 1, '차곡이_맛집추천': 1, '맛집추천': 1, '연남동맛집': 1, '먹스타': 1, '홍대물레방아': 1, '존맛탱': 1, '홍대맛집': 1, '연남동와인': 1, '먹방': 1, '홍대와인바': 1, '연남동와인바': 1, '홍대술집': 1, '맛집': 1, '물레방아': 1, '존맛': 1, '먹스타그램': 1, '연남동물레방아': 1, '와인바': 1}}, 'location': {'lng': 126.92606129999999, 'lat': 37.5623592}, '_id': ObjectId('5cd76038530996351b3de2f2'), 'addr': '서울특별시 마포구 동교로46길 23 2층', 'name': '감칠'}
 * Serving Flask app "mongo-upload" (lazy loading)
 * Environment: production
   WARNING: Do not use the development server in a production environment.
   Use a production WSGI server instead.
 * Debug mode: off
 * Serving Flask app "mongo-upload" (lazy loading)
 * Environment: production
   WARNING: Do not use the development server in a production environment.
   Use a production WSGI server instead.
 * Debug mode: off
{'name': '바류식당', 'location': {'lng': 126.9213239, 'lat': 37.55403560000001}, 'addr': '서울특별시 마포구 홍익로5길 19 쏠라즈빌딩 1층', '_id': ObjectId('5cd76236dbe1e8c360ab7f1c'), 'post': {'num': 2, 'tags': []}}
{'name': '홍대 참치가', 'location': {'lng': 126.919018, 'lat': 37.5525683}, 'addr': '서울특별시 마포구 양화로 100-10 다내리빌딩', '_id': ObjectId('5cd76236dbe1e8c360ab7f27'), 'post': {'num': 2, 'tags': []}}
{'name': '테이스티버거', 'location': {'lng': 126.9207158, 'lat': 37.5482434}, 'addr': '서울특별시 마포구 독막로 67-11 행운빌딩 1층', '_id': ObjectId('5cd76236dbe1e8c360ab7f22'), 'post': {'num': 2, 'tags': []}}
{'name': 'Little Papa Pho', 'location': {'lng': 126.927186, 'lat': 37.5543324}, 'addr': '서울특별시 마포구 와우산로27길 24 뉴빌503', '_id': ObjectId('5cd76236dbe1e8c360ab7f17'), 'post': {'num': 4, 'tags': []}}
{'name': '버프', 'location': {'lng': 126.9208719, 'lat': 37.5503027}, 'addr': '서울특별시 마포구 어울마당로 55-2 정웅빌딩 2층', '_id': ObjectId('5cd76236dbe1e8c360ab7f1d'), 'post': {'num': 2, 'tags': []}}
{'name': '홍대 스앤샤', 'location': {'lng': 126.9216382, 'lat': 37.55029860000001}, 'addr': '서울특별시 마포구 와우산로17길 24 2층', '_id': ObjectId('5cd76236dbe1e8c360ab7f25'), 'post': {'num': 6, 'tags': []}}
{'name': '홍대 스시메이진', 'location': {'lng': 126.9246273, 'lat': 37.55713370000001}, 'addr': '서울특별시 마포구 양화로18길 3 삼양세븐스프링스', '_id': ObjectId('5cd76236dbe1e8c360ab7f24'), 'post': {'num': 2, 'tags': []}}
{'name': '탄탄면공방 홍대본점', 'location': {'lng': 126.9205319, 'lat': 37.5523524}, 'addr': '서울특별시 마포구 잔다리로6길 25 재륜빌딩', '_id': ObjectId('5cd76236dbe1e8c360ab7f21'), 'post': {'num': 2, 'tags': []}}
{'name': '홍대우와', 'location': {'lng': 126.92222340000002, 'lat': 37.5517143}, 'addr': '서울특별시 마포구 와우산로21길 21-16 2층', '_id': ObjectId('5cd76236dbe1e8c360ab7f29'), 'post': {'num': 2, 'tags': []}}
{'name': '소이연남', 'location': {'lng': 126.9253759, 'lat': 37.5635606}, 'addr': '서울특별시 마포구 동교로 267 1층', '_id': ObjectId('5cd76236dbe1e8c360ab7f1e'), 'post': {'num': 2, 'tags': []}}
{'name': 'Ichizen 이치젠', 'location': {'lng': 126.9045365, 'lat': 37.5566766}, 'addr': '서울특별시 마포구 포은로 109 101호', '_id': ObjectId('5cd76236dbe1e8c360ab7f16'), 'post': {'num': 2, 'tags': []}}
{'name': '고기꾼김춘배', 'location': {'lng': 126.9215517, 'lat': 37.5528341}, 'addr': '서울특별시 마포구 홍익로3길 36 3층', '_id': ObjectId('5cd76236dbe1e8c360ab7f1a'), 'post': {'num': 4, 'tags': []}}
{'name': '디에이프릴', 'location': {'lng': 126.9232933, 'lat': 37.5653902}, 'addr': '서울특별시 마포구 성미산로29안길 19 1층', '_id': ObjectId('5cd76236dbe1e8c360ab7f1b'), 'post': {'num': 4, 'tags': []}}
{'name': '1987 루프탑라운지 홍대', 'location': {'lng': 126.9208147, 'lat': 37.5509941}, 'addr': '서울특별시 마포구 잔다리로 20 5층', '_id': ObjectId('5cd76236dbe1e8c360ab7f14'), 'post': {'num': 2, 'tags': []}}
{'name': '킨지', 'location': {'lng': 126.9235044, 'lat': 37.5607855}, 'addr': '서울특별시 마포구 동교로 227-11 2층', '_id': ObjectId('5cd76236dbe1e8c360ab7f20'), 'post': {'num': 2, 'tags': []}}
{'name': '홍대 혼카츠', 'location': {'lng': 126.9220529, 'lat': 37.5526649}, 'addr': '서울특별시 마포구 와우산로21길 36-6 1층 102호', '_id': ObjectId('5cd76236dbe1e8c360ab7f28'), 'post': {'num': 2, 'tags': []}}
{'name': '하나노 오오카미', 'location': {'lng': 126.9208769, 'lat': 37.5488576}, 'addr': '서울특별시 마포구 어울마당로 44 2층', '_id': ObjectId('5cd76236dbe1e8c360ab7f23'), 'post': {'num': 2, 'tags': []}}
{'name': '카페 도토리&다람쥐', 'location': {'lng': 126.9294055, 'lat': 37.5538421}, 'addr': '서울특별시 마포구 와우산로 144-6 1층', '_id': ObjectId('5cd76236dbe1e8c360ab7f1f'), 'post': {'num': 8, 'tags': []}}
{'name': '감칠', 'location': {'lng': 126.9260613, 'lat': 37.5623592}, 'addr': '서울특별시 마포구 동교로46길 23 2층', '_id': ObjectId('5cd76236dbe1e8c360ab7f19'), 'post': {'num': 4, 'tags': []}}
{'name': 'The Famous Burger', 'location': {'lng': 126.9195821, 'lat': 37.5504836}, 'addr': '서울특별시 마포구 잔다리로3안길 24 1층', '_id': ObjectId('5cd76236dbe1e8c360ab7f18'), 'post': {'num': 4, 'tags': []}}
{'name': '홍대 안녕파스타씨', 'location': {'lng': 126.92113799999998, 'lat': 37.5522164}, 'addr': '서울특별시 마포구 잔다리로6길 36 동천빌딩', '_id': ObjectId('5cd76236dbe1e8c360ab7f26'), 'post': {'num': 2, 'tags': []}}
{'name': '2SOYOU', 'location': {'lng': 126.92227959999998, 'lat': 37.5485714}, 'addr': '서울특별시 마포구 와우산로11길 9-8 2층', '_id': ObjectId('5cd76236dbe1e8c360ab7f15'), 'post': {'num': 4, 'tags': []}}
{'name': '1984', 'location': {'lng': 126.92283590000002, 'lat': 37.557365399999995}, 'addr': '서울특별시 마포구 동교로 194 혜원빌딩 1층', '_id': ObjectId('5cd76236dbe1e8c360ab7f2a'), 'post': {'num': 2, 'tags': []}}
{'name': '설빙 홍대점', 'location': {'lng': 126.9226397, 'lat': 37.5553189}, 'addr': '서울특별시 마포구 홍익로6길 15 삼주빌딩', '_id': ObjectId('5cd76236dbe1e8c360ab7f30'), 'post': {'num': 1, 'tags': []}}
{'name': '슈퍼커피홍대', 'location': {'lng': 126.9237, 'lat': 37.5538}, 'addr': '서울특별시 마포구 홍익로 10 서교푸르지오', '_id': ObjectId('5cd76236dbe1e8c360ab7f31'), 'post': {'num': 1, 'tags': []}}
{'name': '폴인팬케이크', 'location': {'lng': 126.92476370000001, 'lat': 37.5537759}, 'addr': '서울특별시 마포구 와우산로29가길 86 2층', '_id': ObjectId('5cd76236dbe1e8c360ab7f36'), 'post': {'num': 3, 'tags': []}}
{'name': '어글리베이커리', 'location': {'lng': 126.90363290000002, 'lat': 37.5585388}, 'addr': '서울특별시 마포구 포은로 131 1층', '_id': ObjectId('5cd76236dbe1e8c360ab7f32'), 'post': {'num': 2, 'tags': []}}
{'name': '연남동 테일러커피', 'location': {'lng': 126.9263399, 'lat': 37.563111299999996}, 'addr': '서울특별시 마포구 성미산로 189 1층', '_id': ObjectId('5cd76236dbe1e8c360ab7f33'), 'post': {'num': 2, 'tags': []}}
{'addr': '서울특별시 마포구 잔다리로3안길 24 1층', 'post': {'num': 4, 'tags': {'맛집추천': 1, '먹스타그램': 1, '데일리푸드': 1, '고구마크림피자': 1, '일상': 1, '망원동맛집': 1, '서울데이트': 1, '먹스타': 1, '뿌듯': 1, '안녕파스타씨': 1, '참치회': 1, '엄마스타그램': 1}}, 'location': {'lng': 126.9195821, 'lat': 37.5504836}, '_id': ObjectId('5cd76236dbe1e8c360ab7f18'), 'name': 'The Famous Burger'}
{'addr': '서울특별시 마포구 와우산로 144-6 1층', 'post': {'num': 8, 'tags': {'먹스타그램': 2, 'selfie': 2, 'dailygram': 1, '저녁': 1, '도토리앤다람쥐': 4, '낼출근실화냐': 1, '상수맛집': 1, '텐동': 1, '본방사수': 1, '카더가든': 1, 'jmt': 1, '전지적참견시점': 1, '데이트': 1, '존맛탱': 1, '일상': 1, '파스타': 1, '밀푀유나베': 1, '홍대와인': 1, '서울맛집': 1, '홍대데이트': 1, '소통': 1, '전참시': 1, '피자': 1, '또와야지': 1, 'daily': 1, '고기는사랑입니다': 1, '역시일본음식은달고짜고': 1}}, 'location': {'lng': 126.9294055, 'lat': 37.5538421}, '_id': ObjectId('5cd76236dbe1e8c360ab7f1f'), 'name': '카페 도토리&다람쥐'}
{'name': 'Zapangi', 'location': {'lng': 126.9059131, 'lat': 37.5548347}, 'addr': '서울특별시 마포구 월드컵로13길 79 해오름 주상복합', '_id': ObjectId('5cd76236dbe1e8c360ab7f2e'), 'post': {'num': 2, 'tags': []}}
{'addr': '서울특별시 마포구 와우산로21길 21-16 2층', 'post': {'num': 2, 'tags': {'맛집스타그램': 1, '소통': 1, '피나콜라다홍대맛집': 1, '우와': 1, '홍대맛집': 1, '존맛탱': 1, '맛스타그램': 1, 'jmt': 1}}, 'location': {'lng': 126.92222340000002, 'lat': 37.5517143}, '_id': ObjectId('5cd76236dbe1e8c360ab7f29'), 'name': '홍대우와'}
{'addr': '서울특별시 마포구 와우산로11길 9-8 2층', 'post': {'num': 4, 'tags': {'자꾸먹는다': 1, 'jmt': 1, '2soyou': 2, '회스타그램': 1, '감자튀김존맛': 1, '식사': 1, '맛집': 1, '연남동맛집': 1, '망원동맛집': 1, '소통': 2, '또와야지': 1, 'cafe': 2, '일상': 3, '데일리': 2, '오사카규전골': 1, 'brunch': 1, 'daily': 2, '이름도어려워': 1}}, 'location': {'lng': 126.92227959999998, 'lat': 37.5485714}, '_id': ObjectId('5cd76236dbe1e8c360ab7f15'), 'name': '2SOYOU'}
{'name': 'KT&G 상상마당', 'location': {'lng': 126.92106170000001, 'lat': 37.5509495}, 'addr': '서울특별시 마포구 어울마당로 65 상상마당빌딩', '_id': ObjectId('5cd76236dbe1e8c360ab7f2c'), 'post': {'num': 1, 'tags': []}}
{'name': '홍대 Coalmine', 'location': {'lng': 126.91872679999999, 'lat': 37.5520695}, 'addr': '서울특별시 마포구 잔다리로 43 1층', '_id': ObjectId('5cd76236dbe1e8c360ab7f37'), 'post': {'num': 7, 'tags': []}}
{'name': '투소유', 'location': {'lng': 126.92227959999998, 'lat': 37.5485714}, 'addr': '서울특별시 마포구 와우산로11길 9-8 2층', '_id': ObjectId('5cd76236dbe1e8c360ab7f35'), 'post': {'num': 2, 'tags': []}}
{'name': '더페이머스버거', 'location': {'lng': 126.9195821, 'lat': 37.5504836}, 'addr': '서울특별시 마포구 잔다리로3안길 24 1층', '_id': ObjectId('5cd76236dbe1e8c360ab7f2f'), 'post': {'num': 1, 'tags': []}}
{'addr': '서울특별시 마포구 동교로46길 23 2층', 'post': {'num': 4, 'tags': {'맛집추천': 1, '먹스타그램': 1, '야경': 1, '홍대술집': 1, '먹방': 2, '맛집': 2, '물레방아': 1, '초밥뷔페': 1, '홍대물레방아': 1, 'cafe': 2, '먹스타': 2, '와인바': 1, '홍대와인': 1, '연남동술집': 1, '존맛탱': 1, '차곡이_맛집추천': 1, '망리단길': 1, '연남동물레방아': 2, '연남동와인바': 1, '홍대맛집': 1, '연남동와인': 1, '연남동맛집': 1, '엄마스타그램': 2, '홍대': 1, '홍대와인바': 1, '존맛': 2}}, 'location': {'lng': 126.9260613, 'lat': 37.5623592}, '_id': ObjectId('5cd76236dbe1e8c360ab7f19'), 'name': '감칠'}
{'addr': '서울특별시 마포구 동교로 267 1층', 'post': {'num': 2, 'tags': {'먹스타그램': 1, '도토리앤다람쥐': 1, '푸드스타그램': 1, '라운지': 1, '화산석구이': 1, '갈비국수': 1, '맛스타그램': 1, 'jmt': 1, '양식': 1, '연남동맛집': 1, '존맛탱': 1, '홍대맛집': 1, '나이쏘이': 1, '상수역맛집': 1}}, 'location': {'lng': 126.9253759, 'lat': 37.5635606}, '_id': ObjectId('5cd76236dbe1e8c360ab7f1e'), 'name': '소이연남'}
{'addr': '서울특별시 마포구 잔다리로 20 5층', 'post': {'num': 2, 'tags': {'selfie': 1, '야경': 1, '여름': 1, '1987rooftoplounge': 1, '라운지': 1, '연남동카페': 1, '맛집': 1, '강남맛집': 1, '데이트코스': 1, '촬영': 1, '대관': 1, '칵테일': 1, '논현': 1, '서울': 1, '1987': 1, '홍대고기맛집': 1, 'lounge': 1, '합정맛집': 1, 'rooftop': 1, '일상': 1, '브런치': 2, '수제버거': 1, 'JMT': 1, '1987루프탑라운지': 1, '루프탑': 1, '1987루프탑라운지홍대': 1, '홍대맛집': 2, '서울맛집': 1, '분위기': 1, '전참시': 1, 'bar': 1, '홍대': 1, '식사': 1}}, 'location': {'lng': 126.9208147, 'lat': 37.5509941}, '_id': ObjectId('5cd76236dbe1e8c360ab7f14'), 'name': '1987 루프탑라운지 홍대'}
{'addr': '서울특별시 마포구 와우산로 48 로하스타워', 'location': {'lng': 126.9232625, 'lat': 37.548575}, 'post': {'num': 5, 'tags': []}, '_id': ObjectId('5cd7625fdbe1e8c360ab7f40'), 'name': '코다차야 홍대'}
{'addr': '서울특별시 마포구 홍익로3길 20 서교오피스텔', 'location': {'lng': 126.9216773, 'lat': 37.5534442}, 'post': {'num': 1, 'tags': []}, '_id': ObjectId('5cd7625fdbe1e8c360ab7f42'), 'name': '황포25'}
{'addr': '서울특별시 마포구 홍익로3길 36 3층', 'post': {'num': 4, 'tags': {'일상스타그램': 1, '고기는사랑입니다': 1, '맛집': 2, '상수동맛집': 1, '홍대고기': 1, '낼출근실화냐': 1, '역시일본음식은달고짜고': 1, '사케동': 1, 'foodporn': 1, '오겹살': 1, '고기꾼김춘배': 2, '선팔하면맞팔': 1, '맛집스타그램': 1, '돼지고기': 1, '고기꾼김춘배홍대본점': 2, '일상': 2, '스앤샤고기꾼김춘배홍대본점': 1, '갈비살': 1, '서울여행': 1, '홍대데이트': 1, '서교동': 1, 'bar': 1, '맛집추천': 1, '먹스타그램': 3, '고기스타그램': 1, '아쉽네': 1, 'instadaily': 1, '아플땐고기': 1, '맛집탐방': 1, '상수맛집': 1, '고기맛집': 1, '팔로우': 1, 'instalike': 1, '홍대고기맛집': 2, '홍대입구맛집': 1, '좋아요반사': 1, 'instagood': 1, '마포맛집': 1, '좋아요': 1, '목살': 1, '홍대맛집': 2, '차돌된장찌개': 1, '소통': 1, '서교동맛집': 1, '먹방': 1, '홍대': 1}}, 'location': {'lng': 126.9215517, 'lat': 37.5528341}, '_id': ObjectId('5cd76236dbe1e8c360ab7f1a'), 'name': '고기꾼김춘배'}
{'addr': '서울특별시 마포구 어울마당로 94-7 대유빌딩', 'location': {'lng': 126.92238710000001, 'lat': 37.5532434}, 'post': {'num': 3, 'tags': []}, '_id': ObjectId('5cd7625fdbe1e8c360ab7f3e'), 'name': '별헤는잔'}
{'addr': '서울특별시 마포구 잔다리로2길 13 1층', 'location': {'lng': 126.920649, 'lat': 37.5516907}, 'post': {'num': 1, 'tags': []}, '_id': ObjectId('5cd7625fdbe1e8c360ab7f41'), 'name': '토끼정 홍대점'}
{'name': 'The Famous Burger', 'location': {'lng': 126.9195821, 'lat': 37.5504836}, 'addr': '서울특별시 마포구 잔다리로3안길 24 1층', '_id': ObjectId('5cd76236dbe1e8c360ab7f18'), 'post': {'num': 4, 'tags': {}}}
{'addr': '서울특별시 마포구 어울마당로 55-2 정웅빌딩 2층', 'location': {'lng': 126.92087190000001, 'lat': 37.5503027}, 'post': {'num': 2, 'tags': []}, '_id': ObjectId('5cd7625fdbe1e8c360ab7f3a'), 'name': 'BURP'}
 * Serving Flask app "mongo-upload" (lazy loading)
 * Environment: production
   WARNING: Do not use the development server in a production environment.
   Use a production WSGI server instead.
 * Debug mode: off
 * Serving Flask app "mongo-upload" (lazy loading)
 * Environment: production
   WARNING: Do not use the development server in a production environment.
   Use a production WSGI server instead.
 * Debug mode: off
 * Serving Flask app "mongo-upload" (lazy loading)
 * Environment: production
   WARNING: Do not use the development server in a production environment.
   Use a production WSGI server instead.
 * Debug mode: off
 * Serving Flask app "mongo-upload" (lazy loading)
 * Environment: production
   WARNING: Do not use the development server in a production environment.
   Use a production WSGI server instead.
 * Debug mode: off
 * Serving Flask app "mongo-upload" (lazy loading)
 * Environment: production
   WARNING: Do not use the development server in a production environment.
   Use a production WSGI server instead.
 * Debug mode: off
