0 info it worked if it ends with ok
1 verbose cli [ '/usr/local/bin/node', '/usr/local/bin/npm', 'run', 'dev' ]
2 info using npm@6.9.0
3 info using node@v10.15.3
4 verbose run-script [ 'predev', 'dev', 'postdev' ]
5 info lifecycle junctionX@1.0.0~predev: junctionX@1.0.0
6 info lifecycle junctionX@1.0.0~dev: junctionX@1.0.0
7 verbose lifecycle junctionX@1.0.0~dev: unsafe-perm in lifecycle true
8 verbose lifecycle junctionX@1.0.0~dev: PATH: /usr/local/lib/node_modules/npm/node_modules/npm-lifecycle/node-gyp-bin:/root/app/junctionXseoul2019-kimchibaguette/front/node_modules/.bin:/usr/local/sbin:/usr/local/bin:/usr/sbin:/usr/bin:/sbin:/bin:/usr/games:/usr/local/games:/snap/bin
9 verbose lifecycle junctionX@1.0.0~dev: CWD: /root/app/junctionXseoul2019-kimchibaguette/front
10 silly lifecycle junctionX@1.0.0~dev: Args: [ '-c', 'nuxt' ]
11 silly lifecycle junctionX@1.0.0~dev: Returned: code: 137  signal: null
12 info lifecycle junctionX@1.0.0~dev: Failed to exec dev script
13 verbose stack Error: junctionX@1.0.0 dev: `nuxt`
13 verbose stack Exit status 137
13 verbose stack     at EventEmitter.<anonymous> (/usr/local/lib/node_modules/npm/node_modules/npm-lifecycle/index.js:301:16)
13 verbose stack     at EventEmitter.emit (events.js:189:13)
13 verbose stack     at ChildProcess.<anonymous> (/usr/local/lib/node_modules/npm/node_modules/npm-lifecycle/lib/spawn.js:55:14)
13 verbose stack     at ChildProcess.emit (events.js:189:13)
13 verbose stack     at maybeClose (internal/child_process.js:970:16)
13 verbose stack     at Process.ChildProcess._handle.onexit (internal/child_process.js:259:5)
14 verbose pkgid junctionX@1.0.0
15 verbose cwd /root/app/junctionXseoul2019-kimchibaguette/front
16 verbose Linux 4.4.0-59-generic
17 verbose argv "/usr/local/bin/node" "/usr/local/bin/npm" "run" "dev"
18 verbose node v10.15.3
19 verbose npm  v6.9.0
20 error code ELIFECYCLE
21 error errno 137
22 error junctionX@1.0.0 dev: `nuxt`
22 error Exit status 137
23 error Failed at the junctionX@1.0.0 dev script.
23 error This is probably not a problem with npm. There is likely additional logging output above.
24 verbose exit [ 137, true ]
