0 info it worked if it ends with ok
1 verbose cli [ '/usr/local/bin/node',
1 verbose cli   '/usr/local/bin/npm',
1 verbose cli   'run',
1 verbose cli   'start-dev' ]
2 info using npm@6.9.0
3 info using node@v10.15.3
4 verbose run-script [ 'prestart-dev', 'start-dev', 'poststart-dev' ]
5 info lifecycle mongo-express@0.52.2~prestart-dev: mongo-express@0.52.2
6 info lifecycle mongo-express@0.52.2~start-dev: mongo-express@0.52.2
7 verbose lifecycle mongo-express@0.52.2~start-dev: unsafe-perm in lifecycle true
8 verbose lifecycle mongo-express@0.52.2~start-dev: PATH: /usr/local/lib/node_modules/npm/node_modules/npm-lifecycle/node-gyp-bin:/root/node_modules/mongo-express/node_modules/.bin:/root/node_modules/.bin:/usr/local/sbin:/usr/local/bin:/usr/sbin:/usr/bin:/sbin:/bin:/usr/games:/usr/local/games:/snap/bin
9 verbose lifecycle mongo-express@0.52.2~start-dev: CWD: /root/node_modules/mongo-express
10 silly lifecycle mongo-express@0.52.2~start-dev: Args: [ '-c',
10 silly lifecycle   'concurrently --kill-others "nodemon app" "npm run build-dev"' ]
11 info lifecycle mongo-express@0.52.2~start-dev: Failed to exec start-dev script
12 verbose stack Error: mongo-express@0.52.2 start-dev: `concurrently --kill-others "nodemon app" "npm run build-dev"`
12 verbose stack spawn ENOENT
12 verbose stack     at ChildProcess.<anonymous> (/usr/local/lib/node_modules/npm/node_modules/npm-lifecycle/lib/spawn.js:48:18)
12 verbose stack     at ChildProcess.emit (events.js:189:13)
12 verbose stack     at maybeClose (internal/child_process.js:970:16)
12 verbose stack     at Process.ChildProcess._handle.onexit (internal/child_process.js:259:5)
13 verbose pkgid mongo-express@0.52.2
14 verbose cwd /root/node_modules/mongo-express
15 verbose Linux 4.4.0-59-generic
16 verbose argv "/usr/local/bin/node" "/usr/local/bin/npm" "run" "start-dev"
17 verbose node v10.15.3
18 verbose npm  v6.9.0
19 error file sh
20 error code ELIFECYCLE
21 error errno ENOENT
22 error syscall spawn
23 error mongo-express@0.52.2 start-dev: `concurrently --kill-others "nodemon app" "npm run build-dev"`
23 error spawn ENOENT
24 error Failed at the mongo-express@0.52.2 start-dev script.
24 error This is probably not a problem with npm. There is likely additional logging output above.
25 verbose exit [ 1, true ]
