0 info it worked if it ends with ok
1 verbose cli [ '/usr/local/bin/node', '/usr/local/bin/npm', 'start' ]
2 info using npm@6.9.0
3 info using node@v10.15.3
4 verbose run-script [ 'prestart', 'start', 'poststart' ]
5 info lifecycle mongo-express@0.52.2~prestart: mongo-express@0.52.2
6 info lifecycle mongo-express@0.52.2~start: mongo-express@0.52.2
7 verbose lifecycle mongo-express@0.52.2~start: unsafe-perm in lifecycle true
8 verbose lifecycle mongo-express@0.52.2~start: PATH: /usr/local/lib/node_modules/npm/node_modules/npm-lifecycle/node-gyp-bin:/usr/local/lib/node_modules/mongo-express/node_modules/.bin:/usr/local/lib/node_modules/.bin:/usr/local/sbin:/usr/local/bin:/usr/sbin:/usr/bin:/sbin:/bin:/usr/games:/usr/local/games:/snap/bin
9 verbose lifecycle mongo-express@0.52.2~start: CWD: /usr/local/lib/node_modules/mongo-express
10 silly lifecycle mongo-express@0.52.2~start: Args: [ '-c', 'cross-env NODE_ENV=production node app' ]
11 silly lifecycle mongo-express@0.52.2~start: Returned: code: 1  signal: null
12 info lifecycle mongo-express@0.52.2~start: Failed to exec start script
13 verbose stack Error: mongo-express@0.52.2 start: `cross-env NODE_ENV=production node app`
13 verbose stack Exit status 1
13 verbose stack     at EventEmitter.<anonymous> (/usr/local/lib/node_modules/npm/node_modules/npm-lifecycle/index.js:301:16)
13 verbose stack     at EventEmitter.emit (events.js:189:13)
13 verbose stack     at ChildProcess.<anonymous> (/usr/local/lib/node_modules/npm/node_modules/npm-lifecycle/lib/spawn.js:55:14)
13 verbose stack     at ChildProcess.emit (events.js:189:13)
13 verbose stack     at maybeClose (internal/child_process.js:970:16)
13 verbose stack     at Process.ChildProcess._handle.onexit (internal/child_process.js:259:5)
14 verbose pkgid mongo-express@0.52.2
15 verbose cwd /usr/local/lib/node_modules/mongo-express
16 verbose Linux 4.4.0-59-generic
17 verbose argv "/usr/local/bin/node" "/usr/local/bin/npm" "start"
18 verbose node v10.15.3
19 verbose npm  v6.9.0
20 error code ELIFECYCLE
21 error errno 1
22 error mongo-express@0.52.2 start: `cross-env NODE_ENV=production node app`
22 error Exit status 1
23 error Failed at the mongo-express@0.52.2 start script.
23 error This is probably not a problem with npm. There is likely additional logging output above.
24 verbose exit [ 1, true ]
